Added Component: Designator=U6(LQFP64-10x10mm_STM)
Add component (AddParameter): Name = "Mfr_Name"; Value = "STMicroelectronics"; VariantName = "[No Variations]"
Add component (AddParameter): Name = "RefDes"; Value = "RefDes"; VariantName = "[No Variations]"
Add component (AddParameter): Name = "Type"; Value = "Type"; VariantName = "[No Variations]"
Added Pin To Net: NetName=VBAT_MCU Pin=U6-1
Added Pin To Net: NetName=NetC3_2 Pin=U6-7
Added Pin To Net: NetName=SPI2_MOSI Pin=U6-9
Added Pin To Net: NetName=GND Pin=U6-12
Added Pin To Net: NetName=VDDA/VREF+ Pin=U6-13
Added Pin To Net: NetName=GND Pin=U6-18
Added Pin To Net: NetName=VBAT_MCU Pin=U6-19
Added Pin To Net: NetName=LCD_DCRS Pin=U6-20
Added Pin To Net: NetName=SPI1_SCK Pin=U6-21
Added Pin To Net: NetName=LCD_RST Pin=U6-22
Added Pin To Net: NetName=SPI1_MOSI Pin=U6-23
Added Pin To Net: NetName=CSX_A Pin=U6-24
Added Pin To Net: NetName=CSX_B Pin=U6-25
Added Pin To Net: NetName=CSX_C Pin=U6-26
Added Pin To Net: NetName=CSX_D Pin=U6-27
Added Pin To Net: NetName=CSX_E Pin=U6-28
Added Pin To Net: NetName=CSX_F Pin=U6-29
Added Pin To Net: NetName=VCAP Pin=U6-30
Added Pin To Net: NetName=GND Pin=U6-31
Added Pin To Net: NetName=VBAT_MCU Pin=U6-32
Added Pin To Net: NetName=SPI2_SCK Pin=U6-34
Added Pin To Net: NetName=USART1_TX Pin=U6-35
Added Pin To Net: NetName=USART1_RX Pin=U6-36
Added Pin To Net: NetName=AMP_PWR Pin=U6-41
Added Pin To Net: NetName=AMP_RVB Pin=U6-42
Added Pin To Net: NetName=AMP_DLY Pin=U6-43
Added Pin To Net: NetName=AMP_MOD Pin=U6-44
Added Pin To Net: NetName=AMP_AMP Pin=U6-45
Added Pin To Net: NetName=SWDIO Pin=U6-46
Added Pin To Net: NetName=GND Pin=U6-47
Added Pin To Net: NetName=VBAT_MCU Pin=U6-48
Added Pin To Net: NetName=SWCLK Pin=U6-49
Added Pin To Net: NetName=Debug_LED Pin=U6-51
Added Pin To Net: NetName=SPI3_MOSI Pin=U6-53
Added Pin To Net: NetName=SPI3_SCK Pin=U6-55
Added Pin To Net: NetName=GND Pin=U6-60
Added Pin To Net: NetName=VCAP Pin=U6-62
Added Pin To Net: NetName=GND Pin=U6-63
Added Pin To Net: NetName=VBAT_MCU Pin=U6-64
Added Member To Class: ClassName=MCU_Conn Member=Component U6 STM32H503RBT6
