Removed Pin From Net: NetName=LCD_MOSI_2 Pin=P2-19
Removed Pin From Net: NetName=LCD_SCK_2 Pin=P2-23
Removed Pin From Net: NetName=LCD_MOSI_3 Pin=P3-19
Removed Pin From Net: NetName=LCD_SCK_3 Pin=P3-23
Removed Pin From Net: NetName=LCD_MOSI_3 Pin=P4-19
Removed Pin From Net: NetName=LCD_SCK_3 Pin=P4-23
Removed Pin From Net: NetName=LCD_MOSI_2 Pin=P5-19
Removed Pin From Net: NetName=LCD_SCK_2 Pin=P5-23
Removed Pin From Net: NetName=LCD_MOSI_1 Pin=P6-19
Removed Pin From Net: NetName=LCD_SCK_1 Pin=P6-23
Added Pin To Net: NetName=LCD_MOSI_1 Pin=P2-19
Added Pin To Net: NetName=LCD_SCK_1 Pin=P2-23
Added Pin To Net: NetName=LCD_MOSI_2 Pin=P3-19
Added Pin To Net: NetName=LCD_SCK_2 Pin=P3-23
Added Pin To Net: NetName=LCD_MOSI_2 Pin=P4-19
Added Pin To Net: NetName=LCD_SCK_2 Pin=P4-23
Added Pin To Net: NetName=LCD_MOSI_3 Pin=P5-19
Added Pin To Net: NetName=LCD_SCK_3 Pin=P5-23
Added Pin To Net: NetName=LCD_MOSI_3 Pin=P6-19
Added Pin To Net: NetName=LCD_SCK_3 Pin=P6-23
Added Member To Class: ClassName=Sheet1 Member=Component J? B8B-XH-A
