Removed Pin From Net: NetName=+5 Pin=X1-P$1
Removed Pin From Net: NetName=GND Pin=X1-P$2
Removed Pin From Net: NetName=LCD_RESET Pin=X1-P$4
Removed Pin From Net: NetName=LCD_DCRS Pin=X1-P$6
Removed Pin From Net: NetName=LCD_CS_5 Pin=X1-P$7
Removed Pin From Net: NetName=LCD_CS_6 Pin=X1-P$8
Removed Pin From Net: NetName=LCD_CS_1 Pin=X1-P$9
Removed Pin From Net: NetName=LCD_CS_2 Pin=X1-P$10
Removed Pin From Net: NetName=LCD_CS_3 Pin=X1-P$11
Removed Pin From Net: NetName=LCD_CS_4 Pin=X1-P$12
Removed Member From Class: ClassName=Sheet1 Member=X1
Added Component: Designator=J?(JST_B8B-XH-A)
Add component (AddParameter): Name = "Check_prices"; Value = "https://www.snapeda.com/parts/B8B-XH-A/JST/view-part/?ref=eda"; VariantName = "[No Variations]"
Add component (AddParameter): Name = "MF"; Value = "JST"; VariantName = "[No Variations]"
Add component (AddParameter): Name = "MP"; Value = "B8B-XH-A"; VariantName = "[No Variations]"
Add component (AddParameter): Name = "Package"; Value = "None"; VariantName = "[No Variations]"
Add component (AddParameter): Name = "SnapEDA_Link"; Value = "https://www.snapeda.com/parts/B8B-XH-A/JST/view-part/?ref=snap"; VariantName = "[No Variations]"
Add component (AddParameter): Name = "Value"; Value = ""; VariantName = "[No Variations]"
Added Component: Designator=J?(JST_B8B-XH-A)
Add component (AddParameter): Name = "Check_prices"; Value = "https://www.snapeda.com/parts/B8B-XH-A/JST/view-part/?ref=eda"; VariantName = "[No Variations]"
Add component (AddParameter): Name = "MF"; Value = "JST"; VariantName = "[No Variations]"
Add component (AddParameter): Name = "MP"; Value = "B8B-XH-A"; VariantName = "[No Variations]"
Add component (AddParameter): Name = "Package"; Value = "None"; VariantName = "[No Variations]"
Add component (AddParameter): Name = "SnapEDA_Link"; Value = "https://www.snapeda.com/parts/B8B-XH-A/JST/view-part/?ref=snap"; VariantName = "[No Variations]"
Add component (AddParameter): Name = "Value"; Value = ""; VariantName = "[No Variations]"
Added Pin To Net: NetName=+5 Pin=J?-1
Added Pin To Net: NetName=LCD_RESET Pin=J?-1
Added Pin To Net: NetName=GND Pin=J?-2
Added Pin To Net: NetName=LCD_DCRS Pin=J?-2
Added Pin To Net: NetName=LCD_CS_1 Pin=J?-3
Added Pin To Net: NetName=LCD_CS_2 Pin=J?-4
Added Pin To Net: NetName=LCD_CS_3 Pin=J?-5
Added Pin To Net: NetName=LCD_CS_4 Pin=J?-6
Added Pin To Net: NetName=LCD_CS_5 Pin=J?-7
Added Pin To Net: NetName=LCD_CS_6 Pin=J?-8
Added Pin To Net: NetName=LCD_MOSI_1 Pin=J?-4
Added Pin To Net: NetName=LCD_MOSI_1 Pin=P1-19
Added Pin To Net: NetName=LCD_MOSI_1 Pin=P6-19
Added Net: Name=LCD_MOSI_1
Added Pin To Net: NetName=LCD_MOSI_2 Pin=J?-6
Added Pin To Net: NetName=LCD_MOSI_2 Pin=P2-19
Added Pin To Net: NetName=LCD_MOSI_2 Pin=P5-19
Added Net: Name=LCD_MOSI_2
Added Pin To Net: NetName=LCD_MOSI_3 Pin=J?-8
Added Pin To Net: NetName=LCD_MOSI_3 Pin=P3-19
Added Pin To Net: NetName=LCD_MOSI_3 Pin=P4-19
Added Net: Name=LCD_MOSI_3
Added Pin To Net: NetName=LCD_SCK_1 Pin=J?-3
Added Pin To Net: NetName=LCD_SCK_1 Pin=P1-23
Added Pin To Net: NetName=LCD_SCK_1 Pin=P6-23
Added Net: Name=LCD_SCK_1
Added Pin To Net: NetName=LCD_SCK_2 Pin=J?-5
Added Pin To Net: NetName=LCD_SCK_2 Pin=P2-23
Added Pin To Net: NetName=LCD_SCK_2 Pin=P5-23
Added Net: Name=LCD_SCK_2
Added Pin To Net: NetName=LCD_SCK_3 Pin=J?-7
Added Pin To Net: NetName=LCD_SCK_3 Pin=P3-23
Added Pin To Net: NetName=LCD_SCK_3 Pin=P4-23
Added Net: Name=LCD_SCK_3
Added Member To Class: ClassName=Sheet1 Member=Component J? B8B-XH-A
Added Member To Class: ClassName=Sheet1 Member=Component J? B8B-XH-A
Added Member To Class: ClassName=Sheet1 Member=Component P1 Header 13X2
