Removed Pin From Net: NetName=GND Pin=P4-25
Added Component: Designator=P5(HDR2X13)
Add component (AddParameter): Name = "LatestRevisionDate"; Value = "17-Jul-2002"; VariantName = "[No Variations]"
Add component (AddParameter): Name = "LatestRevisionNote"; Value = "Re-released for DXP Platform."; VariantName = "[No Variations]"
Add component (AddParameter): Name = "Publisher"; Value = "Altium Limited"; VariantName = "[No Variations]"
Added Component: Designator=P6(HDR2X13)
Add component (AddParameter): Name = "LatestRevisionDate"; Value = "17-Jul-2002"; VariantName = "[No Variations]"
Add component (AddParameter): Name = "LatestRevisionNote"; Value = "Re-released for DXP Platform."; VariantName = "[No Variations]"
Add component (AddParameter): Name = "Publisher"; Value = "Altium Limited"; VariantName = "[No Variations]"
Added Pin To Net: NetName=+5 Pin=P5-2
Added Pin To Net: NetName=+5 Pin=P5-4
Added Pin To Net: NetName=GND Pin=P5-6
Added Pin To Net: NetName=GND Pin=P5-9
Added Pin To Net: NetName=GND Pin=P5-14
Added Pin To Net: NetName=LCD_DCRS Pin=P5-18
Added Pin To Net: NetName=LCD_MOSI_3 Pin=P5-19
Added Pin To Net: NetName=GND Pin=P5-20
Added Pin To Net: NetName=LCD_RESET Pin=P5-22
Added Pin To Net: NetName=LCD_SCK_3 Pin=P5-23
Added Pin To Net: NetName=LCD_CS_5 Pin=P5-24
Added Pin To Net: NetName=GND Pin=P5-25
Added Pin To Net: NetName=+5 Pin=P6-2
Added Pin To Net: NetName=+5 Pin=P6-4
Added Pin To Net: NetName=GND Pin=P6-6
Added Pin To Net: NetName=GND Pin=P6-9
Added Pin To Net: NetName=GND Pin=P6-14
Added Pin To Net: NetName=LCD_DCRS Pin=P6-18
Added Pin To Net: NetName=LCD_MOSI_3 Pin=P6-19
Added Pin To Net: NetName=GND Pin=P6-20
Added Pin To Net: NetName=LCD_RESET Pin=P6-22
Added Pin To Net: NetName=LCD_SCK_3 Pin=P6-23
Added Pin To Net: NetName=LCD_CS_6 Pin=P6-24
Added Pin To Net: NetName=GND Pin=P6-25
Added Member To Class: ClassName=Sheet1 Member=Component P5 Header 13X2
Added Member To Class: ClassName=Sheet1 Member=Component P6 Header 13X2
