Removed Pin From Net: NetName=+5 Pin=X?-P$1
Removed Pin From Net: NetName=GND Pin=X?-P$2
Removed Pin From Net: NetName=LCD_SCK Pin=X?-P$3
Removed Pin From Net: NetName=LCD_RESET Pin=X?-P$4
Removed Pin From Net: NetName=LCD_MOSI Pin=X?-P$5
Removed Pin From Net: NetName=LCD_DCRS Pin=X?-P$6
Removed Pin From Net: NetName=LCD_CS_1 Pin=X?-P$7
Removed Pin From Net: NetName=LCD_CS_2 Pin=X?-P$8
Removed Pin From Net: NetName=LCD_CS_3 Pin=X?-P$9
Removed Pin From Net: NetName=LCD_CS_4 Pin=X?-P$10
Removed Pin From Net: NetName=LCD_CS_5 Pin=X?-P$11
Removed Pin From Net: NetName=LCD_CS_6 Pin=X?-P$12
Removed Member From Class: ClassName=Sheet1 Member=X?
Added Component: Designator=X1(44769-1201)
Add component (AddParameter): Name = "DeviceName"; Value = "44769-1201"; VariantName = "[No Variations]"
Add component (AddParameter): Name = "DeviceSetName"; Value = "HEADER_POS12_?"; VariantName = "[No Variations]"
Add component (AddParameter): Name = "GateName_1"; Value = "G$1"; VariantName = "[No Variations]"
Add component (AddParameter): Name = "LibraryName"; Value = "con-molex-micro-fit-3_0_2"; VariantName = "[No Variations]"
Add component (AddParameter): Name = "Package"; Value = "44769-1201"; VariantName = "[No Variations]"
Add component (AddParameter): Name = "SymbolName_1"; Value = "HEADER_POS12"; VariantName = "[No Variations]"
Added Pin To Net: NetName=+5 Pin=X1-P$1
Added Pin To Net: NetName=GND Pin=X1-P$2
Added Pin To Net: NetName=LCD_SCK Pin=X1-P$3
Added Pin To Net: NetName=LCD_RESET Pin=X1-P$4
Added Pin To Net: NetName=LCD_MOSI Pin=X1-P$5
Added Pin To Net: NetName=LCD_DCRS Pin=X1-P$6
Added Pin To Net: NetName=LCD_CS_1 Pin=X1-P$7
Added Pin To Net: NetName=LCD_CS_2 Pin=X1-P$8
Added Pin To Net: NetName=LCD_CS_3 Pin=X1-P$9
Added Pin To Net: NetName=LCD_CS_4 Pin=X1-P$10
Added Pin To Net: NetName=LCD_CS_5 Pin=X1-P$11
Added Pin To Net: NetName=LCD_CS_6 Pin=X1-P$12
Added Member To Class: ClassName=Sheet1 Member=Component X1 Molex - Micro-Fit 3.0 Series connector,  3.00mm (0.118") pitch header, 12 positions.
