Removed Pin From Net: NetName=LCD_CS_6 Pin=J?-3
Removed Pin From Net: NetName=LCD_CS_5 Pin=J?-4
Removed Pin From Net: NetName=LCD_CS_5 Pin=P?-1
Removed Pin From Net: NetName=LCD_CS_6 Pin=P?-2
Removed Pin From Net: NetName=LCD_DCRS Pin=P?-3
Removed Pin From Net: NetName=LCD_RESET Pin=P?-4
Removed Pin From Net: NetName=LCD_MOSI_3 Pin=P?-5
Removed Pin From Net: NetName=LCD_SCK_3 Pin=P?-6
Removed Member From Class: ClassName=Sheet1 Member=P?
Change Component Designator: OldDesignator=J? NewDesignator=J1
Change Component Designator: OldDesignator=J? NewDesignator=J2
Added Component: Designator=P5(HDR2X13)
Add component (AddParameter): Name = "LatestRevisionDate"; Value = "17-Jul-2002"; VariantName = "[No Variations]"
Add component (AddParameter): Name = "LatestRevisionNote"; Value = "Re-released for DXP Platform."; VariantName = "[No Variations]"
Add component (AddParameter): Name = "Publisher"; Value = "Altium Limited"; VariantName = "[No Variations]"
Added Component: Designator=P6(HDR2X13)
Add component (AddParameter): Name = "LatestRevisionDate"; Value = "17-Jul-2002"; VariantName = "[No Variations]"
Add component (AddParameter): Name = "LatestRevisionNote"; Value = "Re-released for DXP Platform."; VariantName = "[No Variations]"
Add component (AddParameter): Name = "Publisher"; Value = "Altium Limited"; VariantName = "[No Variations]"
Added Component: Designator=P7(HDR1X8)
Add component (AddParameter): Name = "LatestRevisionDate"; Value = "17-Jul-2002"; VariantName = "[No Variations]"
Add component (AddParameter): Name = "LatestRevisionNote"; Value = "Re-released for DXP Platform."; VariantName = "[No Variations]"
Add component (AddParameter): Name = "Publisher"; Value = "Altium Limited"; VariantName = "[No Variations]"
Added Pin To Net: NetName=LCD_CS_5 Pin=J2-3
Added Pin To Net: NetName=LCD_CS_6 Pin=J2-4
Added Pin To Net: NetName=+5 Pin=P5-2
Added Pin To Net: NetName=+5 Pin=P5-4
Added Pin To Net: NetName=GND Pin=P5-6
Added Pin To Net: NetName=GND Pin=P5-9
Added Pin To Net: NetName=GND Pin=P5-14
Added Pin To Net: NetName=LCD_DCRS Pin=P5-18
Added Pin To Net: NetName=LCD_MOSI_3 Pin=P5-19
Added Pin To Net: NetName=GND Pin=P5-20
Added Pin To Net: NetName=LCD_RESET Pin=P5-22
Added Pin To Net: NetName=LCD_SCK_3 Pin=P5-23
Added Pin To Net: NetName=LCD_CS_5 Pin=P5-24
Added Pin To Net: NetName=GND Pin=P5-25
Added Pin To Net: NetName=+5 Pin=P6-2
Added Pin To Net: NetName=+5 Pin=P6-4
Added Pin To Net: NetName=GND Pin=P6-6
Added Pin To Net: NetName=GND Pin=P6-9
Added Pin To Net: NetName=GND Pin=P6-14
Added Pin To Net: NetName=LCD_DCRS Pin=P6-18
Added Pin To Net: NetName=LCD_MOSI_3 Pin=P6-19
Added Pin To Net: NetName=GND Pin=P6-20
Added Pin To Net: NetName=LCD_RESET Pin=P6-22
Added Pin To Net: NetName=LCD_SCK_3 Pin=P6-23
Added Pin To Net: NetName=LCD_CS_6 Pin=P6-24
Added Pin To Net: NetName=GND Pin=P6-25
Added Pin To Net: NetName=LCD_CS_5 Pin=P7-1
Added Pin To Net: NetName=LCD_CS_6 Pin=P7-2
Added Pin To Net: NetName=LCD_DCRS Pin=P7-3
Added Pin To Net: NetName=LCD_RESET Pin=P7-4
Added Pin To Net: NetName=LCD_MOSI_3 Pin=P7-5
Added Pin To Net: NetName=LCD_SCK_3 Pin=P7-6
Added Pin To Net: NetName=+5 Pin=P7-7
Added Pin To Net: NetName=GND Pin=P7-8
Added Member To Class: ClassName=Sheet1 Member=Component J1 B8B-XH-A
Added Member To Class: ClassName=Sheet1 Member=Component P5 Header 13X2
Added Member To Class: ClassName=Sheet1 Member=Component P6 Header 13X2
Added Member To Class: ClassName=Sheet1 Member=Component P7 Header 8
