Change Component Designator: OldDesignator=P? NewDesignator=P1
Added Component: Designator=P2(HDR2X13)
Add component (AddParameter): Name = "LatestRevisionDate"; Value = "17-Jul-2002"; VariantName = "[No Variations]"
Add component (AddParameter): Name = "LatestRevisionNote"; Value = "Re-released for DXP Platform."; VariantName = "[No Variations]"
Add component (AddParameter): Name = "Publisher"; Value = "Altium Limited"; VariantName = "[No Variations]"
Added Component: Designator=P3(HDR2X13)
Add component (AddParameter): Name = "LatestRevisionDate"; Value = "17-Jul-2002"; VariantName = "[No Variations]"
Add component (AddParameter): Name = "LatestRevisionNote"; Value = "Re-released for DXP Platform."; VariantName = "[No Variations]"
Add component (AddParameter): Name = "Publisher"; Value = "Altium Limited"; VariantName = "[No Variations]"
Added Component: Designator=P4(HDR2X13)
Add component (AddParameter): Name = "LatestRevisionDate"; Value = "17-Jul-2002"; VariantName = "[No Variations]"
Add component (AddParameter): Name = "LatestRevisionNote"; Value = "Re-released for DXP Platform."; VariantName = "[No Variations]"
Add component (AddParameter): Name = "Publisher"; Value = "Altium Limited"; VariantName = "[No Variations]"
Added Component: Designator=P5(HDR2X13)
Add component (AddParameter): Name = "LatestRevisionDate"; Value = "17-Jul-2002"; VariantName = "[No Variations]"
Add component (AddParameter): Name = "LatestRevisionNote"; Value = "Re-released for DXP Platform."; VariantName = "[No Variations]"
Add component (AddParameter): Name = "Publisher"; Value = "Altium Limited"; VariantName = "[No Variations]"
Added Component: Designator=P6(HDR2X13)
Add component (AddParameter): Name = "LatestRevisionDate"; Value = "17-Jul-2002"; VariantName = "[No Variations]"
Add component (AddParameter): Name = "LatestRevisionNote"; Value = "Re-released for DXP Platform."; VariantName = "[No Variations]"
Add component (AddParameter): Name = "Publisher"; Value = "Altium Limited"; VariantName = "[No Variations]"
Added Component: Designator=X?(43650-1224)
Add component (AddParameter): Name = "DeviceName"; Value = "43650-1224"; VariantName = "[No Variations]"
Add component (AddParameter): Name = "DeviceSetName"; Value = "HEADER_POS12_?"; VariantName = "[No Variations]"
Add component (AddParameter): Name = "GateName_1"; Value = "G$1"; VariantName = "[No Variations]"
Add component (AddParameter): Name = "LibraryName"; Value = "con-molex-micro-fit-3_0_2"; VariantName = "[No Variations]"
Add component (AddParameter): Name = "Package"; Value = "43650-1224"; VariantName = "[No Variations]"
Add component (AddParameter): Name = "SymbolName_1"; Value = "HEADER_POS12"; VariantName = "[No Variations]"
Added Pin To Net: NetName=+5 Pin=P1-2
Added Pin To Net: NetName=+5 Pin=P1-4
Added Pin To Net: NetName=+5 Pin=P2-2
Added Pin To Net: NetName=+5 Pin=P2-4
Added Pin To Net: NetName=+5 Pin=P3-2
Added Pin To Net: NetName=+5 Pin=P3-4
Added Pin To Net: NetName=+5 Pin=P4-2
Added Pin To Net: NetName=+5 Pin=P4-4
Added Pin To Net: NetName=+5 Pin=P5-2
Added Pin To Net: NetName=+5 Pin=P5-4
Added Pin To Net: NetName=+5 Pin=P6-4
Added Pin To Net: NetName=+5 Pin=X?-P$1
Added Net: Name=+5
Added Pin To Net: NetName=GND Pin=P1-6
Added Pin To Net: NetName=GND Pin=P1-9
Added Pin To Net: NetName=GND Pin=P1-14
Added Pin To Net: NetName=GND Pin=P1-20
Added Pin To Net: NetName=GND Pin=P1-25
Added Pin To Net: NetName=GND Pin=P2-6
Added Pin To Net: NetName=GND Pin=P2-9
Added Pin To Net: NetName=GND Pin=P2-14
Added Pin To Net: NetName=GND Pin=P2-20
Added Pin To Net: NetName=GND Pin=P2-25
Added Pin To Net: NetName=GND Pin=P3-6
Added Pin To Net: NetName=GND Pin=P3-9
Added Pin To Net: NetName=GND Pin=P3-14
Added Pin To Net: NetName=GND Pin=P3-20
Added Pin To Net: NetName=GND Pin=P3-25
Added Pin To Net: NetName=GND Pin=P4-6
Added Pin To Net: NetName=GND Pin=P4-9
Added Pin To Net: NetName=GND Pin=P4-14
Added Pin To Net: NetName=GND Pin=P4-20
Added Pin To Net: NetName=GND Pin=P4-25
Added Pin To Net: NetName=GND Pin=P5-6
Added Pin To Net: NetName=GND Pin=P5-9
Added Pin To Net: NetName=GND Pin=P5-14
Added Pin To Net: NetName=GND Pin=P5-20
Added Pin To Net: NetName=GND Pin=P5-25
Added Pin To Net: NetName=GND Pin=P6-6
Added Pin To Net: NetName=GND Pin=P6-9
Added Pin To Net: NetName=GND Pin=P6-14
Added Pin To Net: NetName=GND Pin=P6-20
Added Pin To Net: NetName=GND Pin=P6-25
Added Pin To Net: NetName=GND Pin=X?-P$2
Added Net: Name=GND
Added Pin To Net: NetName=LCD_CS_1 Pin=P1-24
Added Pin To Net: NetName=LCD_CS_1 Pin=X?-P$7
Added Net: Name=LCD_CS_1
Added Pin To Net: NetName=LCD_CS_2 Pin=P2-24
Added Pin To Net: NetName=LCD_CS_2 Pin=X?-P$8
Added Net: Name=LCD_CS_2
Added Pin To Net: NetName=LCD_CS_3 Pin=P3-24
Added Pin To Net: NetName=LCD_CS_3 Pin=X?-P$9
Added Net: Name=LCD_CS_3
Added Pin To Net: NetName=LCD_CS_4 Pin=P4-24
Added Pin To Net: NetName=LCD_CS_4 Pin=X?-P$10
Added Net: Name=LCD_CS_4
Added Pin To Net: NetName=LCD_CS_5 Pin=P5-24
Added Pin To Net: NetName=LCD_CS_5 Pin=X?-P$11
Added Net: Name=LCD_CS_5
Added Pin To Net: NetName=LCD_CS_6 Pin=P6-24
Added Pin To Net: NetName=LCD_CS_6 Pin=X?-P$12
Added Net: Name=LCD_CS_6
Added Pin To Net: NetName=LCD_DCRS Pin=P1-18
Added Pin To Net: NetName=LCD_DCRS Pin=P2-18
Added Pin To Net: NetName=LCD_DCRS Pin=P3-18
Added Pin To Net: NetName=LCD_DCRS Pin=P4-18
Added Pin To Net: NetName=LCD_DCRS Pin=P5-18
Added Pin To Net: NetName=LCD_DCRS Pin=P6-18
Added Pin To Net: NetName=LCD_DCRS Pin=X?-P$6
Added Net: Name=LCD_DCRS
Added Pin To Net: NetName=LCD_MOSI Pin=P1-19
Added Pin To Net: NetName=LCD_MOSI Pin=P2-19
Added Pin To Net: NetName=LCD_MOSI Pin=P3-19
Added Pin To Net: NetName=LCD_MOSI Pin=P4-19
Added Pin To Net: NetName=LCD_MOSI Pin=P5-19
Added Pin To Net: NetName=LCD_MOSI Pin=P6-19
Added Pin To Net: NetName=LCD_MOSI Pin=X?-P$5
Added Net: Name=LCD_MOSI
Added Pin To Net: NetName=LCD_RESET Pin=P1-22
Added Pin To Net: NetName=LCD_RESET Pin=P2-22
Added Pin To Net: NetName=LCD_RESET Pin=P3-22
Added Pin To Net: NetName=LCD_RESET Pin=P4-22
Added Pin To Net: NetName=LCD_RESET Pin=P5-22
Added Pin To Net: NetName=LCD_RESET Pin=P6-22
Added Pin To Net: NetName=LCD_RESET Pin=X?-P$4
Added Net: Name=LCD_RESET
Added Pin To Net: NetName=LCD_SCK Pin=P1-23
Added Pin To Net: NetName=LCD_SCK Pin=P2-23
Added Pin To Net: NetName=LCD_SCK Pin=P3-23
Added Pin To Net: NetName=LCD_SCK Pin=P4-23
Added Pin To Net: NetName=LCD_SCK Pin=P5-23
Added Pin To Net: NetName=LCD_SCK Pin=P6-23
Added Pin To Net: NetName=LCD_SCK Pin=X?-P$3
Added Net: Name=LCD_SCK
Added Member To Class: ClassName=Sheet1 Member=Component P2 Header 13X2
Added Member To Class: ClassName=Sheet1 Member=Component P3 Header 13X2
Added Member To Class: ClassName=Sheet1 Member=Component P4 Header 13X2
Added Member To Class: ClassName=Sheet1 Member=Component P5 Header 13X2
Added Member To Class: ClassName=Sheet1 Member=Component P6 Header 13X2
Added Member To Class: ClassName=Sheet1 Member=Component X? Molex - Micro-Fit 3.0 Series connector,  3.00mm (0.118") pitch header, 12 positions.
Added Rule: Name=Schematic Supply Nets
Added Rule: Name=Schematic Supply Nets_1
