Removed Pin From Net: NetName=LCD_CS_6 Pin=P?-1
Removed Pin From Net: NetName=LCD_CS_5 Pin=P?-2
Removed Pin From Net: NetName=LCD_DCRS Pin=P?-3
Removed Pin From Net: NetName=LCD_RESET Pin=P?-4
Removed Pin From Net: NetName=LCD_MOSI_3 Pin=P?-5
Removed Pin From Net: NetName=LCD_SCK_3 Pin=P?-6
Removed Pin From Net: NetName=+5 Pin=P?-7
Removed Pin From Net: NetName=GND Pin=P?-8
Removed Member From Class: ClassName=Sheet1 Member=P?
Added Component: Designator=J1(JST_B8B-XH-A)
Add component (AddParameter): Name = "Check_prices"; Value = "https://www.snapeda.com/parts/B8B-XH-A/JST/view-part/?ref=eda"; VariantName = "[No Variations]"
Add component (AddParameter): Name = "MF"; Value = "JST"; VariantName = "[No Variations]"
Add component (AddParameter): Name = "MP"; Value = "B8B-XH-A"; VariantName = "[No Variations]"
Add component (AddParameter): Name = "Package"; Value = "None"; VariantName = "[No Variations]"
Add component (AddParameter): Name = "SnapEDA_Link"; Value = "https://www.snapeda.com/parts/B8B-XH-A/JST/view-part/?ref=snap"; VariantName = "[No Variations]"
Add component (AddParameter): Name = "Value"; Value = ""; VariantName = "[No Variations]"
Added Component: Designator=J2(JST_B8B-XH-A)
Add component (AddParameter): Name = "Check_prices"; Value = "https://www.snapeda.com/parts/B8B-XH-A/JST/view-part/?ref=eda"; VariantName = "[No Variations]"
Add component (AddParameter): Name = "MF"; Value = "JST"; VariantName = "[No Variations]"
Add component (AddParameter): Name = "MP"; Value = "B8B-XH-A"; VariantName = "[No Variations]"
Add component (AddParameter): Name = "Package"; Value = "None"; VariantName = "[No Variations]"
Add component (AddParameter): Name = "SnapEDA_Link"; Value = "https://www.snapeda.com/parts/B8B-XH-A/JST/view-part/?ref=snap"; VariantName = "[No Variations]"
Add component (AddParameter): Name = "Value"; Value = ""; VariantName = "[No Variations]"
Added Component: Designator=P1(HDR2X13)
Add component (AddParameter): Name = "LatestRevisionDate"; Value = "17-Jul-2002"; VariantName = "[No Variations]"
Add component (AddParameter): Name = "LatestRevisionNote"; Value = "Re-released for DXP Platform."; VariantName = "[No Variations]"
Add component (AddParameter): Name = "Publisher"; Value = "Altium Limited"; VariantName = "[No Variations]"
Added Component: Designator=P2(HDR2X13)
Add component (AddParameter): Name = "LatestRevisionDate"; Value = "17-Jul-2002"; VariantName = "[No Variations]"
Add component (AddParameter): Name = "LatestRevisionNote"; Value = "Re-released for DXP Platform."; VariantName = "[No Variations]"
Add component (AddParameter): Name = "Publisher"; Value = "Altium Limited"; VariantName = "[No Variations]"
Added Component: Designator=P3(HDR2X13)
Add component (AddParameter): Name = "LatestRevisionDate"; Value = "17-Jul-2002"; VariantName = "[No Variations]"
Add component (AddParameter): Name = "LatestRevisionNote"; Value = "Re-released for DXP Platform."; VariantName = "[No Variations]"
Add component (AddParameter): Name = "Publisher"; Value = "Altium Limited"; VariantName = "[No Variations]"
Added Component: Designator=P4(HDR2X13)
Add component (AddParameter): Name = "LatestRevisionDate"; Value = "17-Jul-2002"; VariantName = "[No Variations]"
Add component (AddParameter): Name = "LatestRevisionNote"; Value = "Re-released for DXP Platform."; VariantName = "[No Variations]"
Add component (AddParameter): Name = "Publisher"; Value = "Altium Limited"; VariantName = "[No Variations]"
Added Component: Designator=P7(HDR1X8)
Add component (AddParameter): Name = "LatestRevisionDate"; Value = "17-Jul-2002"; VariantName = "[No Variations]"
Add component (AddParameter): Name = "LatestRevisionNote"; Value = "Re-released for DXP Platform."; VariantName = "[No Variations]"
Add component (AddParameter): Name = "Publisher"; Value = "Altium Limited"; VariantName = "[No Variations]"
Added Pin To Net: NetName=+5 Pin=J1-1
Added Pin To Net: NetName=GND Pin=J1-2
Added Pin To Net: NetName=LCD_SCK_3 Pin=J1-3
Added Pin To Net: NetName=LCD_MOSI_3 Pin=J1-4
Added Pin To Net: NetName=LCD_SCK_2 Pin=J1-5
Added Pin To Net: NetName=LCD_MOSI_2 Pin=J1-6
Added Pin To Net: NetName=LCD_SCK_1 Pin=J1-7
Added Pin To Net: NetName=LCD_MOSI_1 Pin=J1-8
Added Pin To Net: NetName=LCD_RESET Pin=J2-1
Added Pin To Net: NetName=LCD_DCRS Pin=J2-2
Added Pin To Net: NetName=LCD_CS_5 Pin=J2-3
Added Pin To Net: NetName=LCD_CS_6 Pin=J2-4
Added Pin To Net: NetName=LCD_CS_4 Pin=J2-5
Added Pin To Net: NetName=LCD_CS_3 Pin=J2-6
Added Pin To Net: NetName=LCD_CS_2 Pin=J2-7
Added Pin To Net: NetName=LCD_CS_1 Pin=J2-8
Added Pin To Net: NetName=+5 Pin=P1-2
Added Pin To Net: NetName=+5 Pin=P1-4
Added Pin To Net: NetName=GND Pin=P1-6
Added Pin To Net: NetName=GND Pin=P1-9
Added Pin To Net: NetName=GND Pin=P1-14
Added Pin To Net: NetName=LCD_DCRS Pin=P1-18
Added Pin To Net: NetName=LCD_MOSI_1 Pin=P1-19
Added Pin To Net: NetName=GND Pin=P1-20
Added Pin To Net: NetName=LCD_RESET Pin=P1-22
Added Pin To Net: NetName=LCD_SCK_1 Pin=P1-23
Added Pin To Net: NetName=LCD_CS_1 Pin=P1-24
Added Pin To Net: NetName=GND Pin=P1-25
Added Pin To Net: NetName=+5 Pin=P2-2
Added Pin To Net: NetName=+5 Pin=P2-4
Added Pin To Net: NetName=GND Pin=P2-6
Added Pin To Net: NetName=GND Pin=P2-9
Added Pin To Net: NetName=GND Pin=P2-14
Added Pin To Net: NetName=LCD_DCRS Pin=P2-18
Added Pin To Net: NetName=LCD_MOSI_1 Pin=P2-19
Added Pin To Net: NetName=GND Pin=P2-20
Added Pin To Net: NetName=LCD_RESET Pin=P2-22
Added Pin To Net: NetName=LCD_SCK_1 Pin=P2-23
Added Pin To Net: NetName=LCD_CS_2 Pin=P2-24
Added Pin To Net: NetName=GND Pin=P2-25
Added Pin To Net: NetName=+5 Pin=P3-2
Added Pin To Net: NetName=+5 Pin=P3-4
Added Pin To Net: NetName=GND Pin=P3-6
Added Pin To Net: NetName=GND Pin=P3-9
Added Pin To Net: NetName=GND Pin=P3-14
Added Pin To Net: NetName=LCD_DCRS Pin=P3-18
Added Pin To Net: NetName=LCD_MOSI_2 Pin=P3-19
Added Pin To Net: NetName=GND Pin=P3-20
Added Pin To Net: NetName=LCD_RESET Pin=P3-22
Added Pin To Net: NetName=LCD_SCK_2 Pin=P3-23
Added Pin To Net: NetName=LCD_CS_3 Pin=P3-24
Added Pin To Net: NetName=GND Pin=P3-25
Added Pin To Net: NetName=+5 Pin=P4-2
Added Pin To Net: NetName=+5 Pin=P4-4
Added Pin To Net: NetName=GND Pin=P4-6
Added Pin To Net: NetName=GND Pin=P4-9
Added Pin To Net: NetName=GND Pin=P4-14
Added Pin To Net: NetName=LCD_DCRS Pin=P4-18
Added Pin To Net: NetName=LCD_MOSI_2 Pin=P4-19
Added Pin To Net: NetName=GND Pin=P4-20
Added Pin To Net: NetName=LCD_RESET Pin=P4-22
Added Pin To Net: NetName=LCD_SCK_2 Pin=P4-23
Added Pin To Net: NetName=LCD_CS_4 Pin=P4-24
Added Pin To Net: NetName=GND Pin=P4-25
Added Pin To Net: NetName=LCD_CS_6 Pin=P7-1
Added Pin To Net: NetName=LCD_CS_5 Pin=P7-2
Added Pin To Net: NetName=LCD_DCRS Pin=P7-3
Added Pin To Net: NetName=LCD_RESET Pin=P7-4
Added Pin To Net: NetName=LCD_MOSI_3 Pin=P7-5
Added Pin To Net: NetName=LCD_SCK_3 Pin=P7-6
Added Pin To Net: NetName=+5 Pin=P7-7
Added Pin To Net: NetName=GND Pin=P7-8
Added Member To Class: ClassName=Sheet1 Member=Component J1 B8B-XH-A
Added Member To Class: ClassName=Sheet1 Member=Component J2 B8B-XH-A
Added Member To Class: ClassName=Sheet1 Member=Component P1 Header 13X2
Added Member To Class: ClassName=Sheet1 Member=Component P2 Header 13X2
Added Member To Class: ClassName=Sheet1 Member=Component P3 Header 13X2
Added Member To Class: ClassName=Sheet1 Member=Component P4 Header 13X2
Added Member To Class: ClassName=Sheet1 Member=Component P7 Header 8
Added Rule: Name=Schematic Supply Nets
Added Rule: Name=Schematic Supply Nets_1
